<?xml version="1.0" encoding="UTF-8"?>
<testng-results ignored="0" total="0" passed="0" failed="0" skipped="0">
  <reporter-output>
  </reporter-output>
  <suite started-at="2023-01-09T16:26:16 IST" name="com.appTests.BagTest" finished-at="2023-01-09T16:26:16 IST" duration-ms="7">
    <groups>
    </groups>
    <test started-at="2023-01-09T16:26:16 IST" name="Command line test" finished-at="2023-01-09T16:26:16 IST" duration-ms="7">
    </test> <!-- Command line test -->
  </suite> <!-- com.appTests.BagTest -->
</testng-results>
