<?xml version="1.0" encoding="UTF-8"?>
<testng-results ignored="0" total="2" passed="2" failed="0" skipped="0">
  <reporter-output>
  </reporter-output>
  <suite started-at="2023-01-10T12:14:08 IST" name="Suite" finished-at="2023-01-10T12:15:35 IST" duration-ms="86340">
    <groups>
    </groups>
    <test started-at="2023-01-10T12:14:08 IST" name="Test" finished-at="2023-01-10T12:15:35 IST" duration-ms="86340">
      <class name="com.appTests.AppTests">
        <test-method is-config="true" signature="setup()[pri:0, instance:com.appTests.AppTests@61001b64]" started-at="2023-01-10T12:14:08 IST" name="setup" finished-at="2023-01-10T12:14:13 IST" duration-ms="4318" status="PASS">
          <reporter-output>
          </reporter-output>
        </test-method> <!-- setup -->
        <test-method signature="verifySearchResult()[pri:0, instance:com.appTests.AppTests@61001b64]" started-at="2023-01-10T12:14:13 IST" name="verifySearchResult" finished-at="2023-01-10T12:14:21 IST" duration-ms="8628" status="PASS">
          <reporter-output>
          </reporter-output>
        </test-method> <!-- verifySearchResult -->
        <test-method is-config="true" signature="teardown()[pri:0, instance:com.appTests.AppTests@61001b64]" started-at="2023-01-10T12:14:21 IST" name="teardown" finished-at="2023-01-10T12:14:21 IST" duration-ms="256" status="PASS">
          <reporter-output>
          </reporter-output>
        </test-method> <!-- teardown -->
      </class> <!-- com.appTests.AppTests -->
      <class name="com.appTests.Apptest2">
        <test-method is-config="true" signature="setup()[pri:0, instance:com.appTests.Apptest2@229c6181]" started-at="2023-01-10T12:14:21 IST" name="setup" finished-at="2023-01-10T12:14:25 IST" duration-ms="3095" status="PASS">
          <reporter-output>
          </reporter-output>
        </test-method> <!-- setup -->
        <test-method signature="login()[pri:0, instance:com.appTests.Apptest2@229c6181]" started-at="2023-01-10T12:14:25 IST" name="login" finished-at="2023-01-10T12:15:34 IST" duration-ms="69694" status="PASS">
          <reporter-output>
          </reporter-output>
        </test-method> <!-- login -->
        <test-method is-config="true" signature="teardown()[pri:0, instance:com.appTests.Apptest2@229c6181]" started-at="2023-01-10T12:15:34 IST" name="teardown" finished-at="2023-01-10T12:15:35 IST" duration-ms="305" status="PASS">
          <reporter-output>
          </reporter-output>
        </test-method> <!-- teardown -->
      </class> <!-- com.appTests.Apptest2 -->
    </test> <!-- Test -->
  </suite> <!-- Suite -->
</testng-results>
