<?xml version="1.0" encoding="UTF-8"?>
<testng-results ignored="0" total="1" passed="1" failed="0" skipped="0">
  <reporter-output>
  </reporter-output>
  <suite started-at="2023-01-09T20:27:24 IST" name="Default suite" finished-at="2023-01-09T20:28:26 IST" duration-ms="61146">
    <groups>
    </groups>
    <test started-at="2023-01-09T20:27:24 IST" name="Default test" finished-at="2023-01-09T20:28:26 IST" duration-ms="61146">
      <class name="com.appTests.Apptest2">
        <test-method is-config="true" signature="setup()[pri:0, instance:com.appTests.Apptest2@29215f06]" started-at="2023-01-09T20:27:24 IST" name="setup" finished-at="2023-01-09T20:27:29 IST" duration-ms="4476" status="PASS">
          <reporter-output>
          </reporter-output>
        </test-method> <!-- setup -->
        <test-method signature="login()[pri:0, instance:com.appTests.Apptest2@29215f06]" started-at="2023-01-09T20:27:29 IST" name="login" finished-at="2023-01-09T20:28:25 IST" duration-ms="56187" status="PASS">
          <reporter-output>
          </reporter-output>
        </test-method> <!-- login -->
        <test-method is-config="true" signature="teardown()[pri:0, instance:com.appTests.Apptest2@29215f06]" started-at="2023-01-09T20:28:25 IST" name="teardown" finished-at="2023-01-09T20:28:26 IST" duration-ms="432" status="PASS">
          <reporter-output>
          </reporter-output>
        </test-method> <!-- teardown -->
      </class> <!-- com.appTests.Apptest2 -->
    </test> <!-- Default test -->
  </suite> <!-- Default suite -->
</testng-results>
